2024/06/01 15:42:56 storage.go:45: postgres://expense_user:zorro@localhost:5432/expenses
2024/06/01 15:47:46 storage.go:64: struct doesn't have corresponding row field reated_at
2024/06/01 15:47:46 main.go:40: error get expenses:struct doesn't have corresponding row field reated_at
2024/06/01 15:49:59 storage.go:45: postgres://expense_user:zorro@localhost:5432/expenses
2024/06/01 15:50:09 main.go:38: 151
2024/06/01 15:50:09 storage.go:64: struct doesn't have corresponding row field reated_at
2024/06/01 15:50:09 main.go:41: error get expenses:struct doesn't have corresponding row field reated_at
2024/06/01 15:50:21 main.go:38: 151
2024/06/01 15:50:21 storage.go:64: struct doesn't have corresponding row field reated_at
2024/06/01 15:50:21 main.go:41: error get expenses:struct doesn't have corresponding row field reated_at
2024/06/01 15:50:22 main.go:38: 151
2024/06/01 15:50:22 storage.go:64: struct doesn't have corresponding row field reated_at
2024/06/01 15:50:22 main.go:41: error get expenses:struct doesn't have corresponding row field reated_at
2024/06/01 15:50:23 main.go:38: 151
2024/06/01 15:50:23 storage.go:64: struct doesn't have corresponding row field reated_at
2024/06/01 15:50:23 main.go:41: error get expenses:struct doesn't have corresponding row field reated_at
2024/06/01 15:57:50 storage.go:45: postgres://expense_user:zorro@localhost:5432/expenses
2024/06/01 15:58:00 main.go:38: 151
2024/06/01 15:58:00 storage.go:64: can't scan into dest[2]: cannot scan timestamp (OID 1114) in binary format into *api.OptDateTime
2024/06/01 15:58:00 main.go:41: error get expenses:can't scan into dest[2]: cannot scan timestamp (OID 1114) in binary format into *api.OptDateTime
2024/06/01 16:10:50 storage.go:45: postgres://expense_user:zorro@localhost:5432/expenses
2024/06/01 16:10:55 main.go:38: 151
2024/06/01 16:10:55 storage.go:64: can't scan into dest[2]: cannot scan timestamp (OID 1114) in binary format into *api.OptDateTime
2024/06/01 16:10:55 main.go:41: error get expenses:can't scan into dest[2]: cannot scan timestamp (OID 1114) in binary format into *api.OptDateTime
2024/06/01 16:15:28 storage.go:45: postgres://expense_user:zorro@localhost:5432/expenses
2024/06/01 16:15:32 main.go:38: 151
2024/06/01 16:15:32 storage.go:57: storage 151
2024/06/01 16:15:32 storage.go:65: can't scan into dest[2]: cannot scan timestamp (OID 1114) in binary format into *api.OptDateTime
2024/06/01 16:15:32 main.go:41: error get expenses:can't scan into dest[2]: cannot scan timestamp (OID 1114) in binary format into *api.OptDateTime
2024/06/01 16:33:38 storage.go:45: postgres://expense_user:zorro@localhost:5432/expenses
2024/06/01 16:33:46 main.go:38: 151
2024/06/01 16:33:46 storage.go:57: storage 151
2024/06/01 16:33:46 storage.go:65: can't scan into dest[2]: cannot scan timestamp (OID 1114) in binary format into *api.OptDateTime
2024/06/01 16:33:46 main.go:41: error get expenses:can't scan into dest[2]: cannot scan timestamp (OID 1114) in binary format into *api.OptDateTime
2024/06/02 09:37:51 storage.go:45: postgres://expense_user:zorro@localhost:5432/expenses
2024/06/02 09:38:08 main.go:38: 151
2024/06/02 09:38:08 storage.go:57: storage 151
2024/06/02 09:38:08 storage.go:65: can't scan into dest[2]: cannot scan timestamp (OID 1114) in binary format into *api.OptDateTime
2024/06/02 09:38:08 main.go:41: error get expenses:can't scan into dest[2]: cannot scan timestamp (OID 1114) in binary format into *api.OptDateTime
2024/06/02 09:44:41 storage.go:45: postgres://expense_user:zorro@localhost:5432/expenses
2024/06/02 09:44:44 main.go:38: 151
2024/06/02 09:44:44 storage.go:58: storage 151
2024/06/02 09:44:44 storage.go:66: cannot find field ReatedAt in returned row
2024/06/02 09:44:44 main.go:41: error get expenses:cannot find field ReatedAt in returned row
2024/06/02 09:58:56 storage.go:46: postgres://expense_user:zorro@localhost:5432/expenses
2024/06/02 09:59:01 main.go:38: 151
2024/06/02 09:59:01 storage.go:58: storage 151
2024/06/02 10:12:44 storage.go:54: postgres://expense_user:zorro@localhost:5432/expenses
2024/06/02 10:12:49 main.go:38: 151
2024/06/02 10:12:49 storage.go:82: storage 151
2024/06/02 10:12:50 main.go:38: 151
2024/06/02 10:12:50 storage.go:82: storage 151
2024/06/02 10:14:54 storage.go:54: postgres://expense_user:zorro@localhost:5432/expenses
2024/06/02 10:14:57 main.go:38: 151
2024/06/02 10:14:57 storage.go:82: storage 151
2024/06/02 10:42:48 storage.go:54: postgres://expense_user:zorro@localhost:5432/expenses
2024/06/02 10:42:52 storage.go:82: storage 151
2024/06/02 11:12:35 storage.go:54: postgres://expense_user:zorro@localhost:5432/expenses
2024/06/02 11:13:09 storage.go:82: storage 999
2024/06/02 11:13:12 storage.go:82: storage 999
2024/06/02 11:13:21 storage.go:82: storage 1999
2024/06/02 11:14:50 storage.go:54: postgres://expense_user:zorro@localhost:5432/expenses
2024/06/02 11:14:54 storage.go:82: storage 1999
2024/06/02 11:14:54 storage.go:85: ERROR: syntax error at or near "//" (SQLSTATE 42601)
2024/06/02 11:14:54 handlers.go:23: error get expenses:ERROR: syntax error at or near "//" (SQLSTATE 42601)
2024/06/02 11:15:20 storage.go:54: postgres://expense_user:zorro@localhost:5432/expenses
2024/06/02 11:15:28 storage.go:82: storage 151
2024/06/02 11:58:46 storage.go:54: postgres://expense_user:zorro@localhost:5432/expenses
2024/06/02 11:58:53 storage.go:82: storage 153
2024/06/02 12:04:46 storage.go:55: postgres://expense_user:zorro@localhost:5432/expenses
2024/06/02 12:07:02 storage.go:83: storage 153
2024/06/02 12:09:46 storage.go:83: storage 153
2024/06/02 12:09:50 storage.go:83: storage 151
2024/06/07 11:13:24 storage.go:55: postgres://expense_user:zorro@localhost:5432/expenses
2024/06/07 12:50:20 storage.go:57: postgres://expense_user:zorro@localhost:5432/expenses
2024/06/07 14:18:27 storage.go:57: postgres://expense_user:zorro@localhost:5432/expenses
2024/06/07 14:18:52 storage.go:144: error get user no rows in result set
2024/06/07 14:18:52 utils.go:32: no rows in result set
2024/06/07 14:18:52 handlers.go:78: no rows in result set
2024/06/07 14:24:15 storage.go:85: storage 155
2024/06/07 14:45:53 storage.go:85: storage 155
2024/06/07 14:47:20 storage.go:85: storage 155
2024/06/07 14:48:56 storage.go:85: storage 155
